<?xml version="1.0" encoding="UTF-8"?>
<!-- Generated by org.testng.reporters.JUnitReportReporter -->
<testsuite hostname="DESKTOP-N1F218A" failures="1" tests="1" name="YouTubeVideos.Class33_SchemaValidation" time="3.461" errors="0" timestamp="2023-10-01T15:50:04 IST" skipped="0">
  <testcase classname="YouTubeVideos.Class33_SchemaValidation" name="test2" time="3.461">
    <failure message="
Expected: The content to match the given JSON schema.
error: numeric instance is lower than the required minimum (minimum: 10000, found: 3698)
    level: &quot;error&quot;
    schema: {&quot;loadingURI&quot;:&quot;#&quot;,&quot;pointer&quot;:&quot;/properties/bookingid&quot;}
    instance: {&quot;pointer&quot;:&quot;/bookingid&quot;}
    domain: &quot;validation&quot;
    keyword: &quot;minimum&quot;
    minimum: 10000
    found: 3698

     but: was &quot;{\&quot;bookingid\&quot;:3698,\&quot;booking\&quot;:{\&quot;firstname\&quot;:\&quot;Jim\&quot;,\&quot;lastname\&quot;:\&quot;Brown\&quot;,\&quot;totalprice\&quot;:111,\&quot;depositpaid\&quot;:true,\&quot;bookingdates\&quot;:{\&quot;checkin\&quot;:\&quot;2018-01-01\&quot;,\&quot;checkout\&quot;:\&quot;2019-01-01\&quot;},\&quot;additionalneeds\&quot;:\&quot;Breakfast\&quot;}}&quot;" type="java.lang.AssertionError">
      <![CDATA[java.lang.AssertionError: 
Expected: The content to match the given JSON schema.
error: numeric instance is lower than the required minimum (minimum: 10000, found: 3698)
    level: "error"
    schema: {"loadingURI":"#","pointer":"/properties/bookingid"}
    instance: {"pointer":"/bookingid"}
    domain: "validation"
    keyword: "minimum"
    minimum: 10000
    found: 3698

     but: was "{\"bookingid\":3698,\"booking\":{\"firstname\":\"Jim\",\"lastname\":\"Brown\",\"totalprice\":111,\"depositpaid\":true,\"bookingdates\":{\"checkin\":\"2018-01-01\",\"checkout\":\"2019-01-01\"},\"additionalneeds\":\"Breakfast\"}}"
at org.hamcrest.MatcherAssert.assertThat(MatcherAssert.java:20)
at org.hamcrest.MatcherAssert.assertThat(MatcherAssert.java:6)
at YouTubeVideos.Class33_SchemaValidation.test2(Class33_SchemaValidation.java:71)
at java.base/jdk.internal.reflect.NativeMethodAccessorImpl.invoke0(Native Method)
at java.base/jdk.internal.reflect.NativeMethodAccessorImpl.invoke(NativeMethodAccessorImpl.java:77)
at java.base/jdk.internal.reflect.DelegatingMethodAccessorImpl.invoke(DelegatingMethodAccessorImpl.java:43)
at java.base/java.lang.reflect.Method.invoke(Method.java:568)
at org.testng.internal.invokers.MethodInvocationHelper.invokeMethod(MethodInvocationHelper.java:139)
at org.testng.internal.invokers.TestInvoker.invokeMethod(TestInvoker.java:677)
at org.testng.internal.invokers.TestInvoker.invokeTestMethod(TestInvoker.java:221)
at org.testng.internal.invokers.MethodRunner.runInSequence(MethodRunner.java:50)
at org.testng.internal.invokers.TestInvoker$MethodInvocationAgent.invoke(TestInvoker.java:969)
at org.testng.internal.invokers.TestInvoker.invokeTestMethods(TestInvoker.java:194)
at org.testng.internal.invokers.TestMethodWorker.invokeTestMethods(TestMethodWorker.java:148)
at org.testng.internal.invokers.TestMethodWorker.run(TestMethodWorker.java:128)
at java.base/java.util.ArrayList.forEach(ArrayList.java:1511)
at org.testng.TestRunner.privateRun(TestRunner.java:829)
at org.testng.TestRunner.run(TestRunner.java:602)
at org.testng.SuiteRunner.runTest(SuiteRunner.java:437)
at org.testng.SuiteRunner.runSequentially(SuiteRunner.java:431)
at org.testng.SuiteRunner.privateRun(SuiteRunner.java:391)
at org.testng.SuiteRunner.run(SuiteRunner.java:330)
at org.testng.SuiteRunnerWorker.runSuite(SuiteRunnerWorker.java:52)
at org.testng.SuiteRunnerWorker.run(SuiteRunnerWorker.java:95)
at org.testng.TestNG.runSuitesSequentially(TestNG.java:1256)
at org.testng.TestNG.runSuitesLocally(TestNG.java:1176)
at org.testng.TestNG.runSuites(TestNG.java:1099)
at org.testng.TestNG.run(TestNG.java:1067)
at org.testng.remote.AbstractRemoteTestNG.run(AbstractRemoteTestNG.java:115)
at org.testng.remote.RemoteTestNG.initAndRun(RemoteTestNG.java:251)
at org.testng.remote.RemoteTestNG.main(RemoteTestNG.java:77)
]]>
    </failure>
  </testcase> <!-- test2 -->
  <system-out/>
</testsuite> <!-- YouTubeVideos.Class33_SchemaValidation -->
